#
# A fatal error has been detected by the Java Runtime Environment:
#
#  EXCEPTION_ACCESS_VIOLATION (0xc0000005) at pc=0x0000000061e244a4, pid=1296, tid=0x0000000000003dd4
#
# JRE version: OpenJDK Runtime Environment (8.0_242-b01) (build 1.8.0_242-release-1644-b01)
# Java VM: OpenJDK 64-Bit Server VM (25.242-b01 mixed mode windows-amd64 compressed oops)
# Problematic frame:
# V  [jvm.dll+0x4344a4]
#
# Failed to write core dump. Minidumps are not enabled by default on client versions of Windows
#
# If you would like to submit a bug report, please visit:
#   
#

---------------  T H R E A D  ---------------

Current thread (0x000000001798c800):  JavaThread "C2 CompilerThread1" daemon [_thread_in_native, id=15828, stack(0x00000000190e0000,0x00000000191e0000)]

siginfo: ExceptionCode=0xc0000005, reading address 0x0000000001000050

Registers:
RAX=0x000000002e3ae028, RBX=0x000000002e3a8310, RCX=0x000000002e3adfd8, RDX=0x0000000000000115
RSP=0x00000000191de000, RBP=0x000000002e3ae048, RSI=0x0000000001000000, RDI=0x00000000191de2a0
R8 =0x0000000000000008, R9 =0x0000000000000008, R10=0x0000000000000001, R11=0x0000000000000001
R12=0x000000002e3a81e8, R13=0x00000000000001cd, R14=0x000000002e3adfd8, R15=0x0000000000000e68
RIP=0x0000000061e244a4, EFLAGS=0x0000000000010206

Top of Stack: (sp=0x00000000191de000)
0x00000000191de000:   000000001a1f8c48 0000000000000008
0x00000000191de010:   00000000191de2c0 0000000061efd455
0x00000000191de020:   0000000000000090 0000000000000016
0x00000000191de030:   0000000000000040 0000000000000010
0x00000000191de040:   0000000000000000 00000000191de290
0x00000000191de050:   000000002e3adfd8 0000000061eb76fe
0x00000000191de060:   00000000191de2c0 0000000001000000
0x00000000191de070:   0000000000000000 000000001798c800
0x00000000191de080:   00000000191de2a0 0000000061e300b2
0x00000000191de090:   000000002e3adfd8 00000000191ded50
0x00000000191de0a0:   00000000191ded50 0000000061ecefb6
0x00000000191de0b0:   00000000191ded50 0000000000010388
0x00000000191de0c0:   00000000191de290 000000002e586610
0x00000000191de0d0:   00000000191de2f0 0000000061ecfcfe
0x00000000191de0e0:   00000000191de1e0 0000000061fa02f8
0x00000000191de0f0:   0000000017944d00 00000000191de1e0 

Instructions: (pc=0x0000000061e244a4)
0x0000000061e24484:   48 83 c4 40 41 5e 41 5c 5e c3 48 8b 05 db d1 39
0x0000000061e24494:   00 48 83 c4 40 41 5e 41 5c 5e c3 41 8b 54 24 28
0x0000000061e244a4:   48 8b 4e 50 48 8b 05 c1 d1 39 00 48 39 04 d1 0f
0x0000000061e244b4:   84 03 03 00 00 41 0f b7 44 24 2c b9 ff 01 00 00 


Register to memory mapping:

RAX=0x000000002e3ae028 is an unknown value
RBX=0x000000002e3a8310 is an unknown value
RCX=0x000000002e3adfd8 is an unknown value
RDX=0x0000000000000115 is an unknown value
RSP=0x00000000191de000 is pointing into the stack for thread: 0x000000001798c800
RBP=0x000000002e3ae048 is an unknown value
RSI=0x0000000001000000 is pointing into the stack for thread: 0x000000001ea9a000
RDI=0x00000000191de2a0 is pointing into the stack for thread: 0x000000001798c800
R8 =0x0000000000000008 is an unknown value
R9 =0x0000000000000008 is an unknown value
R10=0x0000000000000001 is an unknown value
R11=0x0000000000000001 is an unknown value
R12=0x000000002e3a81e8 is an unknown value
R13=0x00000000000001cd is an unknown value
R14=0x000000002e3adfd8 is an unknown value
R15=0x0000000000000e68 is an unknown value


Stack: [0x00000000190e0000,0x00000000191e0000],  sp=0x00000000191de000,  free space=1016k
Native frames: (J=compiled Java code, j=interpreted, Vv=VM code, C=native code)
V  [jvm.dll+0x4344a4]
V  [jvm.dll+0x4c76fe]
V  [jvm.dll+0x4400b2]
V  [jvm.dll+0x4dfcfe]
V  [jvm.dll+0x447e63]
V  [jvm.dll+0x42b072]
V  [jvm.dll+0x8230f]
V  [jvm.dll+0x82c7f]
V  [jvm.dll+0x220b7f]
V  [jvm.dll+0x27276a]
C  [msvcr100.dll+0x21d9f]
C  [msvcr100.dll+0x21e3b]
C  [KERNEL32.DLL+0x17034]
C  [ntdll.dll+0x52651]


Current CompileTask:
C2:11658954 27116       4       org.gradle.internal.snapshot.AbstractIncompleteSnapshotWithChildren::accept (40 bytes)


---------------  P R O C E S S  ---------------

Java Threads: ( => current thread )
  0x000000001ae76000 JavaThread "ForkJoinPool.commonPool-worker-1" daemon [_thread_blocked, id=8012, stack(0x000000002c7d0000,0x000000002c8d0000)]
  0x000000001ae7a800 JavaThread "ForkJoinPool.commonPool-worker-0" daemon [_thread_blocked, id=12940, stack(0x000000002c1b0000,0x000000002c2b0000)]
  0x000000001ae75000 JavaThread "ForkJoinPool.commonPool-worker-3" daemon [_thread_blocked, id=4780, stack(0x000000002b980000,0x000000002ba80000)]
  0x000000002e5c1000 JavaThread "jar transforms Thread 920" [_thread_blocked, id=11904, stack(0x0000000027230000,0x0000000027330000)]
  0x000000002e5c0000 JavaThread "jar transforms Thread 919" [_thread_blocked, id=14900, stack(0x0000000027130000,0x0000000027230000)]
  0x000000002e5be800 JavaThread "jar transforms Thread 918" [_thread_blocked, id=5344, stack(0x0000000027030000,0x0000000027130000)]
  0x000000002e5bd000 JavaThread "jar transforms Thread 917" [_thread_blocked, id=9612, stack(0x0000000026f30000,0x0000000027030000)]
  0x000000002e5bc800 JavaThread "jar transforms Thread 916" [_thread_blocked, id=4300, stack(0x0000000026e30000,0x0000000026f30000)]
  0x000000002e5bb800 JavaThread "jar transforms Thread 915" [_thread_blocked, id=3960, stack(0x0000000026d30000,0x0000000026e30000)]
  0x000000002e5bf800 JavaThread "jar transforms Thread 914" [_thread_blocked, id=4436, stack(0x0000000026c30000,0x0000000026d30000)]
  0x000000002e5be000 JavaThread "jar transforms Thread 913" [_thread_blocked, id=6172, stack(0x0000000026b30000,0x0000000026c30000)]
  0x000000002e5bb000 JavaThread "jar transforms Thread 912" [_thread_blocked, id=13332, stack(0x0000000026a30000,0x0000000026b30000)]
  0x000000002e5b3800 JavaThread "jar transforms Thread 911" [_thread_blocked, id=13064, stack(0x0000000026930000,0x0000000026a30000)]
  0x000000002e5ba000 JavaThread "jar transforms Thread 910" [_thread_blocked, id=15492, stack(0x0000000026830000,0x0000000026930000)]
  0x000000002e5b2000 JavaThread "jar transforms Thread 909" [_thread_blocked, id=1300, stack(0x0000000026730000,0x0000000026830000)]
  0x000000002e5b8800 JavaThread "jar transforms Thread 908" [_thread_blocked, id=10392, stack(0x0000000026630000,0x0000000026730000)]
  0x000000002e5b8000 JavaThread "jar transforms Thread 907" [_thread_blocked, id=8344, stack(0x0000000026530000,0x0000000026630000)]
  0x000000002e5b6800 JavaThread "jar transforms Thread 906" [_thread_blocked, id=2656, stack(0x0000000026430000,0x0000000026530000)]
  0x000000002e5b5800 JavaThread "jar transforms Thread 905" [_thread_blocked, id=6416, stack(0x0000000026330000,0x0000000026430000)]
  0x000000002e5b4000 JavaThread "jar transforms Thread 904" [_thread_blocked, id=12608, stack(0x0000000026230000,0x0000000026330000)]
  0x000000002e584000 JavaThread "jar transforms Thread 903" [_thread_blocked, id=7184, stack(0x0000000026130000,0x0000000026230000)]
  0x000000002e585000 JavaThread "jar transforms Thread 902" [_thread_blocked, id=11288, stack(0x0000000026030000,0x0000000026130000)]
  0x000000002e585800 JavaThread "jar transforms Thread 901" [_thread_blocked, id=15420, stack(0x0000000025f30000,0x0000000026030000)]
  0x000000002e583800 JavaThread "jar transforms Thread 900" [_thread_blocked, id=1516, stack(0x0000000025e30000,0x0000000025f30000)]
  0x000000002e582800 JavaThread "jar transforms Thread 899" [_thread_blocked, id=16040, stack(0x0000000025d30000,0x0000000025e30000)]
  0x000000002e582000 JavaThread "jar transforms Thread 898" [_thread_blocked, id=12040, stack(0x0000000025c30000,0x0000000025d30000)]
  0x000000002e581000 JavaThread "jar transforms Thread 897" [_thread_blocked, id=12792, stack(0x0000000025b30000,0x0000000025c30000)]
  0x000000002e579800 JavaThread "jar transforms Thread 896" [_thread_blocked, id=2484, stack(0x0000000025a30000,0x0000000025b30000)]
  0x000000002e57a800 JavaThread "jar transforms Thread 895" [_thread_blocked, id=16068, stack(0x0000000025930000,0x0000000025a30000)]
  0x000000002e580800 JavaThread "jar transforms Thread 894" [_thread_blocked, id=1284, stack(0x0000000025830000,0x0000000025930000)]
  0x000000002e579000 JavaThread "jar transforms Thread 893" [_thread_blocked, id=9600, stack(0x0000000025730000,0x0000000025830000)]
  0x000000002e578000 JavaThread "jar transforms Thread 892" [_thread_blocked, id=3272, stack(0x0000000025630000,0x0000000025730000)]
  0x000000002e57f000 JavaThread "jar transforms Thread 891" [_thread_blocked, id=9036, stack(0x0000000025530000,0x0000000025630000)]
  0x000000002e577800 JavaThread "jar transforms Thread 890" [_thread_blocked, id=11992, stack(0x0000000025430000,0x0000000025530000)]
  0x000000002e57e000 JavaThread "jar transforms Thread 889" [_thread_blocked, id=15104, stack(0x0000000025330000,0x0000000025430000)]
  0x000000002e576800 JavaThread "jar transforms Thread 888" [_thread_blocked, id=14816, stack(0x0000000025230000,0x0000000025330000)]
  0x000000002e57c000 JavaThread "jar transforms Thread 887" [_thread_blocked, id=3244, stack(0x0000000025130000,0x0000000025230000)]
  0x000000002e57d800 JavaThread "jar transforms Thread 886" [_thread_blocked, id=8580, stack(0x0000000025030000,0x0000000025130000)]
  0x000000001ef9f000 JavaThread "jar transforms Thread 885" [_thread_blocked, id=16204, stack(0x0000000024f30000,0x0000000025030000)]
  0x000000001ef9c000 JavaThread "jar transforms Thread 884" [_thread_blocked, id=4132, stack(0x0000000024e30000,0x0000000024f30000)]
  0x000000001ef9b000 JavaThread "jar transforms Thread 883" [_thread_blocked, id=12232, stack(0x0000000024d30000,0x0000000024e30000)]
  0x000000001ef9f800 JavaThread "jar transforms Thread 882" [_thread_blocked, id=3724, stack(0x0000000024c30000,0x0000000024d30000)]
  0x000000001ef9e000 JavaThread "jar transforms Thread 881" [_thread_blocked, id=15684, stack(0x0000000024b30000,0x0000000024c30000)]
  0x000000001ef9d800 JavaThread "jar transforms Thread 880" [_thread_blocked, id=15764, stack(0x0000000024a30000,0x0000000024b30000)]
  0x000000001ef9c800 JavaThread "jar transforms Thread 879" [_thread_blocked, id=10248, stack(0x0000000024930000,0x0000000024a30000)]
  0x000000001ef93800 JavaThread "jar transforms Thread 878" [_thread_blocked, id=11344, stack(0x0000000024830000,0x0000000024930000)]
  0x000000001ef99800 JavaThread "jar transforms Thread 877" [_thread_blocked, id=4952, stack(0x0000000024730000,0x0000000024830000)]
  0x000000001ef96000 JavaThread "jar transforms Thread 876" [_thread_blocked, id=10112, stack(0x0000000024630000,0x0000000024730000)]
  0x000000001ef99000 JavaThread "jar transforms Thread 875" [_thread_blocked, id=6056, stack(0x0000000024530000,0x0000000024630000)]
  0x000000001ef98000 JavaThread "jar transforms Thread 874" [_thread_blocked, id=4140, stack(0x0000000024430000,0x0000000024530000)]
  0x000000001ef9a800 JavaThread "jar transforms Thread 873" [_thread_blocked, id=10764, stack(0x0000000024330000,0x0000000024430000)]
  0x000000001ef94000 JavaThread "jar transforms Thread 872" [_thread_blocked, id=5932, stack(0x0000000024230000,0x0000000024330000)]
  0x000000001ef92800 JavaThread "jar transforms Thread 871" [_thread_blocked, id=14668, stack(0x0000000024130000,0x0000000024230000)]
  0x000000001ef90800 JavaThread "jar transforms Thread 870" [_thread_blocked, id=12716, stack(0x0000000024030000,0x0000000024130000)]
  0x000000001ef95000 JavaThread "jar transforms Thread 869" [_thread_blocked, id=8124, stack(0x0000000023f30000,0x0000000024030000)]
  0x000000001ef97800 JavaThread "jar transforms Thread 868" [_thread_blocked, id=15972, stack(0x0000000023e30000,0x0000000023f30000)]
  0x000000001ef96800 JavaThread "jar transforms Thread 867" [_thread_blocked, id=14996, stack(0x0000000023d30000,0x0000000023e30000)]
  0x000000001f445000 JavaThread "jar transforms Thread 866" [_thread_blocked, id=14680, stack(0x0000000023c30000,0x0000000023d30000)]
  0x000000001f44b000 JavaThread "jar transforms Thread 865" [_thread_blocked, id=14872, stack(0x0000000023b30000,0x0000000023c30000)]
  0x000000001f449000 JavaThread "jar transforms Thread 864" [_thread_blocked, id=1092, stack(0x0000000023a30000,0x0000000023b30000)]
  0x000000001f448000 JavaThread "jar transforms Thread 863" [_thread_blocked, id=11304, stack(0x0000000023930000,0x0000000023a30000)]
  0x000000001f446800 JavaThread "jar transforms Thread 862" [_thread_blocked, id=2356, stack(0x0000000023830000,0x0000000023930000)]
  0x000000001f449800 JavaThread "jar transforms Thread 861" [_thread_blocked, id=9184, stack(0x0000000023730000,0x0000000023830000)]
  0x000000001f446000 JavaThread "jar transforms Thread 860" [_thread_blocked, id=2544, stack(0x0000000023630000,0x0000000023730000)]
  0x000000001f447800 JavaThread "jar transforms Thread 859" [_thread_blocked, id=13084, stack(0x0000000023530000,0x0000000023630000)]
  0x000000001f44a800 JavaThread "jar transforms Thread 858" [_thread_blocked, id=2828, stack(0x0000000023430000,0x0000000023530000)]
  0x000000001f43d800 JavaThread "jar transforms Thread 857" [_thread_blocked, id=13568, stack(0x0000000023330000,0x0000000023430000)]
  0x000000001f444800 JavaThread "jar transforms Thread 856" [_thread_blocked, id=14492, stack(0x0000000023230000,0x0000000023330000)]
  0x000000001f441800 JavaThread "jar transforms Thread 855" [_thread_blocked, id=12536, stack(0x0000000023130000,0x0000000023230000)]
  0x000000001f43d000 JavaThread "jar transforms Thread 854" [_thread_blocked, id=14584, stack(0x0000000023030000,0x0000000023130000)]
  0x000000001f440800 JavaThread "jar transforms Thread 853" [_thread_blocked, id=15324, stack(0x0000000022f30000,0x0000000023030000)]
  0x000000001f443800 JavaThread "jar transforms Thread 852" [_thread_blocked, id=10060, stack(0x0000000022e30000,0x0000000022f30000)]
  0x000000001f43e800 JavaThread "jar transforms Thread 851" [_thread_blocked, id=11900, stack(0x0000000022d30000,0x0000000022e30000)]
  0x000000001f43f000 JavaThread "jar transforms Thread 850" [_thread_blocked, id=15996, stack(0x0000000022c30000,0x0000000022d30000)]
  0x000000001f440000 JavaThread "jar transforms Thread 849" [_thread_blocked, id=12512, stack(0x0000000022b30000,0x0000000022c30000)]
  0x000000001f43c000 JavaThread "jar transforms Thread 848" [_thread_blocked, id=14104, stack(0x0000000022a30000,0x0000000022b30000)]
  0x000000001f443000 JavaThread "jar transforms Thread 847" [_thread_blocked, id=2108, stack(0x0000000022930000,0x0000000022a30000)]
  0x000000001a57a000 JavaThread "jar transforms Thread 846" [_thread_blocked, id=7396, stack(0x0000000022830000,0x0000000022930000)]
  0x000000001a575800 JavaThread "jar transforms Thread 845" [_thread_blocked, id=9908, stack(0x0000000022730000,0x0000000022830000)]
  0x000000001a578800 JavaThread "jar transforms Thread 844" [_thread_blocked, id=7588, stack(0x0000000022630000,0x0000000022730000)]
  0x000000001a577800 JavaThread "jar transforms Thread 843" [_thread_blocked, id=11800, stack(0x0000000022530000,0x0000000022630000)]
  0x000000001a577000 JavaThread "jar transforms Thread 842" [_thread_blocked, id=9832, stack(0x0000000022430000,0x0000000022530000)]
  0x000000001a574800 JavaThread "jar transforms Thread 841" [_thread_blocked, id=13036, stack(0x0000000022330000,0x0000000022430000)]
  0x000000001a57a800 JavaThread "jar transforms Thread 840" [_thread_blocked, id=15168, stack(0x0000000022230000,0x0000000022330000)]
  0x000000001a576000 JavaThread "jar transforms Thread 839" [_thread_blocked, id=5936, stack(0x0000000021f80000,0x0000000022080000)]
  0x000000001a572800 JavaThread "jar transforms Thread 838" [_thread_blocked, id=10664, stack(0x0000000021e80000,0x0000000021f80000)]
  0x000000001a574000 JavaThread "jar transforms Thread 837" [_thread_blocked, id=4464, stack(0x0000000021d80000,0x0000000021e80000)]
  0x000000001a56c800 JavaThread "jar transforms Thread 836" [_thread_blocked, id=10452, stack(0x0000000021c80000,0x0000000021d80000)]
  0x000000001a573000 JavaThread "jar transforms Thread 835" [_thread_blocked, id=11936, stack(0x0000000021b80000,0x0000000021c80000)]
  0x000000001a571800 JavaThread "jar transforms Thread 834" [_thread_blocked, id=15540, stack(0x0000000021a80000,0x0000000021b80000)]
  0x000000001a56e800 JavaThread "jar transforms Thread 833" [_thread_blocked, id=16136, stack(0x0000000021980000,0x0000000021a80000)]
  0x000000001a571000 JavaThread "jar transforms Thread 832" [_thread_blocked, id=15100, stack(0x0000000021880000,0x0000000021980000)]
  0x000000001a56f800 JavaThread "jar transforms Thread 831" [_thread_blocked, id=13524, stack(0x0000000021780000,0x0000000021880000)]
  0x000000001a56b800 JavaThread "jar transforms Thread 830" [_thread_blocked, id=15932, stack(0x0000000021680000,0x0000000021780000)]
  0x000000001a56e000 JavaThread "jar transforms Thread 829" [_thread_blocked, id=8648, stack(0x0000000021580000,0x0000000021680000)]
  0x000000001ea9d000 JavaThread "Daemon worker Thread 9" [_thread_blocked, id=1184, stack(0x000000001c720000,0x000000001c820000)]
  0x000000001ea9a000 JavaThread "Daemon Thread 9" [_thread_blocked, id=16092, stack(0x0000000000fc0000,0x00000000010c0000)]
  0x000000001f9fb800 JavaThread "Cache worker for Java compile cache (C:\Users\Public\.gradle\caches\6.5\javaCompile)" [_thread_blocked, id=9964, stack(0x000000002a820000,0x000000002a920000)]
  0x000000001ea9e800 JavaThread "Memory manager" [_thread_blocked, id=14860, stack(0x0000000027d30000,0x0000000027e30000)]
  0x000000001ae79000 JavaThread "Cache worker for file content cache (C:\Users\Public\.gradle\caches\6.5\fileContent)" [_thread_blocked, id=16236, stack(0x0000000020c80000,0x0000000020d80000)]
  0x000000001ae78000 JavaThread "Cache worker for execution history cache (C:\Users\Public\.gradle\caches\6.5\executionHistory)" [_thread_blocked, id=15368, stack(0x0000000020480000,0x0000000020580000)]
  0x000000001ae7b000 JavaThread "Cache worker for file hash cache (C:\Users\Public\.gradle\caches\6.5\fileHashes)" [_thread_blocked, id=14376, stack(0x000000001d970000,0x000000001da70000)]
  0x000000001ae74800 JavaThread "File lock request listener" [_thread_in_native, id=11912, stack(0x000000001d870000,0x000000001d970000)]
  0x000000001b5d4000 JavaThread "Cache worker for journal cache (C:\Users\Public\.gradle\caches\journal-1)" [_thread_blocked, id=11200, stack(0x000000001d770000,0x000000001d870000)]
  0x000000001969b000 JavaThread "Daemon periodic checks" [_thread_blocked, id=4340, stack(0x000000001cb70000,0x000000001cc70000)]
  0x000000001969a000 JavaThread "Incoming local TCP Connector on port 19494" [_thread_in_native, id=10108, stack(0x000000001c920000,0x000000001ca20000)]
  0x000000001b432000 JavaThread "Daemon health stats" [_thread_blocked, id=11452, stack(0x000000001c2e0000,0x000000001c3e0000)]
  0x0000000019310800 JavaThread "Service Thread" daemon [_thread_blocked, id=11580, stack(0x00000000196e0000,0x00000000197e0000)]
  0x0000000017990000 JavaThread "C1 CompilerThread2" daemon [_thread_blocked, id=13236, stack(0x00000000191e0000,0x00000000192e0000)]
=>0x000000001798c800 JavaThread "C2 CompilerThread1" daemon [_thread_in_native, id=15828, stack(0x00000000190e0000,0x00000000191e0000)]
  0x0000000017987800 JavaThread "C2 CompilerThread0" daemon [_thread_in_native, id=10572, stack(0x0000000018fe0000,0x00000000190e0000)]
  0x0000000017986800 JavaThread "Attach Listener" daemon [_thread_blocked, id=15288, stack(0x0000000018ee0000,0x0000000018fe0000)]
  0x0000000017984000 JavaThread "Signal Dispatcher" daemon [_thread_blocked, id=12484, stack(0x0000000018de0000,0x0000000018ee0000)]
  0x0000000002d5c000 JavaThread "Finalizer" daemon [_thread_blocked, id=15416, stack(0x0000000018bd0000,0x0000000018cd0000)]
  0x0000000017969000 JavaThread "Reference Handler" daemon [_thread_blocked, id=6012, stack(0x0000000018ad0000,0x0000000018bd0000)]
  0x0000000000dfd800 JavaThread "main" [_thread_blocked, id=14472, stack(0x0000000002b60000,0x0000000002c60000)]

Other Threads:
  0x0000000017946000 VMThread [stack: 0x00000000189d0000,0x0000000018ad0000] [id=16044]
  0x00000000179dd000 WatcherThread [stack: 0x00000000197e0000,0x00000000198e0000] [id=8924]

VM state:not at safepoint (normal execution)

VM Mutex/Monitor currently owned by a thread: None

heap address: 0x0000000080000000, size: 2048 MB, Compressed Oops mode: 32-bit
Narrow klass base: 0x0000000000000000, Narrow klass shift: 3
Compressed class space size: 1073741824 Address: 0x0000000100000000

Heap:
 PSYoungGen      total 525312K, used 387857K [0x00000000d5580000, 0x00000000ff080000, 0x0000000100000000)
  eden space 403456K, 73% used [0x00000000d5580000,0x00000000e7639240,0x00000000edf80000)
  from space 121856K, 75% used [0x00000000f7980000,0x00000000fd38b570,0x00000000ff080000)
  to   space 139776K, 0% used [0x00000000edf80000,0x00000000edf80000,0x00000000f6800000)
 ParOldGen       total 247296K, used 199754K [0x0000000080000000, 0x000000008f180000, 0x00000000d5580000)
  object space 247296K, 80% used [0x0000000080000000,0x000000008c312bc8,0x000000008f180000)
 Metaspace       used 98085K, capacity 104446K, committed 104600K, reserved 1140736K
  class space    used 12533K, capacity 13626K, committed 13736K, reserved 1048576K

Card table byte_map: [0x0000000012120000,0x0000000012530000] byte_map_base: 0x0000000011d20000

Marking Bits: (ParMarkBitMap*) 0x00000000621bf030
 Begin Bits: [0x0000000012be0000, 0x0000000014be0000)
 End Bits:   [0x0000000014be0000, 0x0000000016be0000)

Polling page: 0x0000000000e60000

CodeCache: size=245760Kb used=70353Kb max_used=70461Kb free=175406Kb
 bounds [0x0000000002d60000, 0x00000000072c0000, 0x0000000011d60000]
 total_blobs=20885 nmethods=20011 adapters=785
 compilation: enabled

Compilation events (10 events):
Event: 11658.838 Thread 0x0000000017990000 nmethod 27111 0x0000000004a55910 code [0x0000000004a55a80, 0x0000000004a55d78]
Event: 11658.841 Thread 0x0000000017990000 27112       1       org.gradle.api.internal.tasks.execution.ExecuteTaskBuildOperationResult::getUpToDateMessages (5 bytes)
Event: 11658.841 Thread 0x0000000017990000 nmethod 27112 0x0000000004a555d0 code [0x0000000004a55720, 0x0000000004a55830]
Event: 11658.848 Thread 0x0000000017990000 27113       3       java.util.concurrent.ConcurrentHashMap$BaseIterator::<init> (21 bytes)
Event: 11658.850 Thread 0x0000000017990000 nmethod 27113 0x0000000006d24210 code [0x0000000006d24380, 0x0000000006d245f8]
Event: 11658.850 Thread 0x0000000017990000 27114       3       sun.misc.URLClassPath::access$000 (6 bytes)
Event: 11658.852 Thread 0x0000000017990000 nmethod 27114 0x0000000004b7de10 code [0x0000000004b7df80, 0x0000000004b7e0e8]
Event: 11658.854 Thread 0x0000000017990000 27115       3       com.google.protobuf.UnknownFieldSet::getSerializedSize (68 bytes)
Event: 11658.855 Thread 0x0000000017990000 nmethod 27115 0x0000000005a30250 code [0x0000000005a30460, 0x0000000005a30f68]
Event: 11658.865 Thread 0x000000001798c800 27116       4       org.gradle.internal.snapshot.AbstractIncompleteSnapshotWithChildren::accept (40 bytes)

GC Heap History (10 events):
Event: 10415.998 GC heap before
{Heap before GC invocations=34 (full 4):
 PSYoungGen      total 549376K, used 548887K [0x00000000d5580000, 0x0000000100000000, 0x0000000100000000)
  eden space 450048K, 100% used [0x00000000d5580000,0x00000000f0d00000,0x00000000f0d00000)
  from space 99328K, 99% used [0x00000000f0d00000,0x00000000f6d85c28,0x00000000f6e00000)
  to   space 133632K, 0% used [0x00000000f7d80000,0x00000000f7d80000,0x0000000100000000)
 ParOldGen       total 247296K, used 199730K [0x0000000080000000, 0x000000008f180000, 0x00000000d5580000)
  object space 247296K, 80% used [0x0000000080000000,0x000000008c30cbc8,0x000000008f180000)
 Metaspace       used 97584K, capacity 103948K, committed 104216K, reserved 1140736K
  class space    used 12526K, capacity 13583K, committed 13608K, reserved 1048576K
Event: 10416.123 GC heap after
Heap after GC invocations=34 (full 4):
 PSYoungGen      total 564224K, used 76169K [0x00000000d5580000, 0x00000000ffe80000, 0x0000000100000000)
  eden space 432128K, 0% used [0x00000000d5580000,0x00000000d5580000,0x00000000efb80000)
  from space 132096K, 57% used [0x00000000f7d80000,0x00000000fc7e24a8,0x00000000ffe80000)
  to   space 132608K, 0% used [0x00000000efb80000,0x00000000efb80000,0x00000000f7d00000)
 ParOldGen       total 247296K, used 199730K [0x0000000080000000, 0x000000008f180000, 0x00000000d5580000)
  object space 247296K, 80% used [0x0000000080000000,0x000000008c30cbc8,0x000000008f180000)
 Metaspace       used 97584K, capacity 103948K, committed 104216K, reserved 1140736K
  class space    used 12526K, capacity 13583K, committed 13608K, reserved 1048576K
}
Event: 11521.136 GC heap before
{Heap before GC invocations=35 (full 4):
 PSYoungGen      total 564224K, used 508297K [0x00000000d5580000, 0x00000000ffe80000, 0x0000000100000000)
  eden space 432128K, 100% used [0x00000000d5580000,0x00000000efb80000,0x00000000efb80000)
  from space 132096K, 57% used [0x00000000f7d80000,0x00000000fc7e24a8,0x00000000ffe80000)
  to   space 132608K, 0% used [0x00000000efb80000,0x00000000efb80000,0x00000000f7d00000)
 ParOldGen       total 247296K, used 199730K [0x0000000080000000, 0x000000008f180000, 0x00000000d5580000)
  object space 247296K, 80% used [0x0000000080000000,0x000000008c30cbc8,0x000000008f180000)
 Metaspace       used 97660K, capacity 103954K, committed 104216K, reserved 1140736K
  class space    used 12526K, capacity 13584K, committed 13608K, reserved 1048576K
Event: 11521.307 GC heap after
Heap after GC invocations=35 (full 4):
 PSYoungGen      total 487424K, used 71952K [0x00000000d5580000, 0x00000000fe800000, 0x0000000100000000)
  eden space 415232K, 0% used [0x00000000d5580000,0x00000000d5580000,0x00000000eeb00000)
  from space 72192K, 99% used [0x00000000efb80000,0x00000000f41c41a8,0x00000000f4200000)
  to   space 129536K, 0% used [0x00000000f6980000,0x00000000f6980000,0x00000000fe800000)
 ParOldGen       total 247296K, used 199738K [0x0000000080000000, 0x000000008f180000, 0x00000000d5580000)
  object space 247296K, 80% used [0x0000000080000000,0x000000008c30ebc8,0x000000008f180000)
 Metaspace       used 97660K, capacity 103954K, committed 104216K, reserved 1140736K
  class space    used 12526K, capacity 13584K, committed 13608K, reserved 1048576K
}
Event: 11527.335 GC heap before
{Heap before GC invocations=36 (full 4):
 PSYoungGen      total 487424K, used 487184K [0x00000000d5580000, 0x00000000fe800000, 0x0000000100000000)
  eden space 415232K, 100% used [0x00000000d5580000,0x00000000eeb00000,0x00000000eeb00000)
  from space 72192K, 99% used [0x00000000efb80000,0x00000000f41c41a8,0x00000000f4200000)
  to   space 129536K, 0% used [0x00000000f6980000,0x00000000f6980000,0x00000000fe800000)
 ParOldGen       total 247296K, used 199738K [0x0000000080000000, 0x000000008f180000, 0x00000000d5580000)
  object space 247296K, 80% used [0x0000000080000000,0x000000008c30ebc8,0x000000008f180000)
 Metaspace       used 97838K, capacity 104214K, committed 104600K, reserved 1140736K
  class space    used 12530K, capacity 13622K, committed 13736K, reserved 1048576K
Event: 11527.496 GC heap after
Heap after GC invocations=36 (full 4):
 PSYoungGen      total 549376K, used 67301K [0x00000000d5580000, 0x00000000ffe00000, 0x0000000100000000)
  eden space 419840K, 0% used [0x00000000d5580000,0x00000000d5580000,0x00000000eef80000)
  from space 129536K, 51% used [0x00000000f6980000,0x00000000fab39570,0x00000000fe800000)
  to   space 124928K, 0% used [0x00000000eef80000,0x00000000eef80000,0x00000000f6980000)
 ParOldGen       total 247296K, used 199746K [0x0000000080000000, 0x000000008f180000, 0x00000000d5580000)
  object space 247296K, 80% used [0x0000000080000000,0x000000008c310bc8,0x000000008f180000)
 Metaspace       used 97838K, capacity 104214K, committed 104600K, reserved 1140736K
  class space    used 12530K, capacity 13622K, committed 13736K, reserved 1048576K
}
Event: 11558.115 GC heap before
{Heap before GC invocations=37 (full 4):
 PSYoungGen      total 549376K, used 487141K [0x00000000d5580000, 0x00000000ffe00000, 0x0000000100000000)
  eden space 419840K, 100% used [0x00000000d5580000,0x00000000eef80000,0x00000000eef80000)
  from space 129536K, 51% used [0x00000000f6980000,0x00000000fab39570,0x00000000fe800000)
  to   space 124928K, 0% used [0x00000000eef80000,0x00000000eef80000,0x00000000f6980000)
 ParOldGen       total 247296K, used 199746K [0x0000000080000000, 0x000000008f180000, 0x00000000d5580000)
  object space 247296K, 80% used [0x0000000080000000,0x000000008c310bc8,0x000000008f180000)
 Metaspace       used 97979K, capacity 104424K, committed 104600K, reserved 1140736K
  class space    used 12532K, capacity 13623K, committed 13736K, reserved 1048576K
Event: 11558.319 GC heap after
Heap after GC invocations=37 (full 4):
 PSYoungGen      total 544768K, used 114539K [0x00000000d5580000, 0x0000000100000000, 0x0000000100000000)
  eden space 419840K, 0% used [0x00000000d5580000,0x00000000d5580000,0x00000000eef80000)
  from space 124928K, 91% used [0x00000000eef80000,0x00000000f5f5ad90,0x00000000f6980000)
  to   space 137728K, 0% used [0x00000000f7980000,0x00000000f7980000,0x0000000100000000)
 ParOldGen       total 247296K, used 199754K [0x0000000080000000, 0x000000008f180000, 0x00000000d5580000)
  object space 247296K, 80% used [0x0000000080000000,0x000000008c312bc8,0x000000008f180000)
 Metaspace       used 97979K, capacity 104424K, committed 104600K, reserved 1140736K
  class space    used 12532K, capacity 13623K, committed 13736K, reserved 1048576K
}
Event: 11656.625 GC heap before
{Heap before GC invocations=38 (full 4):
 PSYoungGen      total 544768K, used 534379K [0x00000000d5580000, 0x0000000100000000, 0x0000000100000000)
  eden space 419840K, 100% used [0x00000000d5580000,0x00000000eef80000,0x00000000eef80000)
  from space 124928K, 91% used [0x00000000eef80000,0x00000000f5f5ad90,0x00000000f6980000)
  to   space 137728K, 0% used [0x00000000f7980000,0x00000000f7980000,0x0000000100000000)
 ParOldGen       total 247296K, used 199754K [0x0000000080000000, 0x000000008f180000, 0x00000000d5580000)
  object space 247296K, 80% used [0x0000000080000000,0x000000008c312bc8,0x000000008f180000)
 Metaspace       used 98069K, capacity 104446K, committed 104600K, reserved 1140736K
  class space    used 12533K, capacity 13626K, committed 13736K, reserved 1048576K
Event: 11656.767 GC heap after
Heap after GC invocations=38 (full 4):
 PSYoungGen      total 525312K, used 92205K [0x00000000d5580000, 0x00000000ff080000, 0x0000000100000000)
  eden space 403456K, 0% used [0x00000000d5580000,0x00000000d5580000,0x00000000edf80000)
  from space 121856K, 75% used [0x00000000f7980000,0x00000000fd38b570,0x00000000ff080000)
  to   space 139776K, 0% used [0x00000000edf80000,0x00000000edf80000,0x00000000f6800000)
 ParOldGen       total 247296K, used 199754K [0x0000000080000000, 0x000000008f180000, 0x00000000d5580000)
  object space 247296K, 80% used [0x0000000080000000,0x000000008c312bc8,0x000000008f180000)
 Metaspace       used 98069K, capacity 104446K, committed 104600K, reserved 1140736K
  class space    used 12533K, capacity 13626K, committed 13736K, reserved 1048576K
}

Deoptimization events (10 events):
Event: 11557.477 Thread 0x000000001a56e800 Uncommon trap: reason=class_check action=maybe_recompile pc=0x0000000004c5eba0 method=com.google.common.util.concurrent.TrustedListenableFutureTask$TrustedFutureInterruptibleTask.<init>(Lcom/google/common/util/concurrent/TrustedListenableFutureTask;Ljava/
Event: 11557.477 Thread 0x000000001a571800 Uncommon trap: reason=class_check action=maybe_recompile pc=0x0000000004c5eba0 method=com.google.common.util.concurrent.TrustedListenableFutureTask$TrustedFutureInterruptibleTask.<init>(Lcom/google/common/util/concurrent/TrustedListenableFutureTask;Ljava/
Event: 11557.477 Thread 0x000000001a56e800 Uncommon trap: reason=class_check action=maybe_recompile pc=0x0000000004c5eba0 method=com.google.common.util.concurrent.TrustedListenableFutureTask$TrustedFutureInterruptibleTask.<init>(Lcom/google/common/util/concurrent/TrustedListenableFutureTask;Ljava/
Event: 11557.477 Thread 0x000000001a56e800 Uncommon trap: reason=class_check action=maybe_recompile pc=0x0000000004c5eba0 method=com.google.common.util.concurrent.TrustedListenableFutureTask$TrustedFutureInterruptibleTask.<init>(Lcom/google/common/util/concurrent/TrustedListenableFutureTask;Ljava/
Event: 11557.483 Thread 0x000000001a56f800 Uncommon trap: reason=predicate action=maybe_recompile pc=0x00000000071f7adc method=com.android.tools.r8.ir.regalloc.a.a(Lcom/android/tools/r8/utils/k0;Lcom/android/tools/r8/s/b/X;Ljava/util/Map;Ljava/util/List;)V @ 733
Event: 11557.488 Thread 0x000000001a571800 Uncommon trap: reason=class_check action=maybe_recompile pc=0x00000000057c5cf0 method=com.google.common.util.concurrent.TrustedListenableFutureTask$TrustedFutureInterruptibleTask.<init>(Lcom/google/common/util/concurrent/TrustedListenableFutureTask;Ljava/
Event: 11557.745 Thread 0x000000001a56e800 Uncommon trap: reason=predicate action=maybe_recompile pc=0x0000000006e03380 method=com.android.tools.r8.ir.regalloc.a.a(Lcom/android/tools/r8/utils/k0;Lcom/android/tools/r8/s/b/X;Ljava/util/Map;Ljava/util/List;)V @ 733
Event: 11558.075 Thread 0x000000001a56f800 Uncommon trap: reason=class_check action=maybe_recompile pc=0x000000000701c87c method=com.android.tools.r8.s.b.q.g()V @ 13
Event: 11656.182 Thread 0x000000001a56d000 Uncommon trap: reason=unstable_if action=reinterpret pc=0x000000000455b2f4 method=java.util.concurrent.locks.AbstractQueuedSynchronizer.hasQueuedPredecessors()Z @ 21
Event: 11657.052 Thread 0x000000001f9ee000 Uncommon trap: reason=class_check action=maybe_recompile pc=0x000000000701c87c method=com.android.tools.r8.s.b.q.g()V @ 13

Classes redefined (0 events):
No events

Internal exceptions (10 events):
Event: 11657.600 Thread 0x000000001f9ee000 Exception <a 'sun/nio/fs/WindowsException'> (0x00000000df7caf50) thrown at [C:\src\AOSP-openjdk-git\hotspot\src\share\vm\prims\jni.cpp, line 710]
Event: 11657.602 Thread 0x000000001f9ee000 Exception <a 'sun/nio/fs/WindowsException'> (0x00000000df7d1810) thrown at [C:\src\AOSP-openjdk-git\hotspot\src\share\vm\prims\jni.cpp, line 710]
Event: 11657.605 Thread 0x000000001f9ee000 Exception <a 'sun/nio/fs/WindowsException'> (0x00000000df7d8140) thrown at [C:\src\AOSP-openjdk-git\hotspot\src\share\vm\prims\jni.cpp, line 710]
Event: 11657.610 Thread 0x000000001f9ee000 Exception <a 'sun/nio/fs/WindowsException'> (0x00000000df8e08f8) thrown at [C:\src\AOSP-openjdk-git\hotspot\src\share\vm\prims\jni.cpp, line 710]
Event: 11657.614 Thread 0x000000001f9ee000 Exception <a 'sun/nio/fs/WindowsException'> (0x00000000df8e6db0) thrown at [C:\src\AOSP-openjdk-git\hotspot\src\share\vm\prims\jni.cpp, line 710]
Event: 11657.720 Thread 0x000000001f9f5800 Exception <a 'sun/nio/fs/WindowsException'> (0x00000000dfe70e58) thrown at [C:\src\AOSP-openjdk-git\hotspot\src\share\vm\prims\jni.cpp, line 710]
Event: 11657.916 Thread 0x000000001f9fc800 Exception <a 'sun/nio/fs/WindowsException'> (0x00000000e1c19fd0) thrown at [C:\src\AOSP-openjdk-git\hotspot\src\share\vm\prims\jni.cpp, line 710]
Event: 11658.332 Thread 0x000000001f9f7000 Exception <a 'sun/nio/fs/WindowsException'> (0x00000000e623a670) thrown at [C:\src\AOSP-openjdk-git\hotspot\src\share\vm\prims\jni.cpp, line 710]
Event: 11658.439 Thread 0x000000001b6c4800 Exception <a 'sun/nio/fs/WindowsException'> (0x00000000e6388090) thrown at [C:\src\AOSP-openjdk-git\hotspot\src\share\vm\prims\jni.cpp, line 710]
Event: 11658.440 Thread 0x000000001b6c4800 Exception <a 'sun/nio/fs/WindowsException'> (0x00000000e63884d8) thrown at [C:\src\AOSP-openjdk-git\hotspot\src\share\vm\prims\jni.cpp, line 710]

Events (10 events):
Event: 11658.868 Executing VM operation: RevokeBias done
Event: 11658.868 Thread 0x000000001eaa4800 Thread exited: 0x000000001eaa4800
Event: 11658.870 Executing VM operation: RevokeBias
Event: 11658.871 Executing VM operation: RevokeBias done
Event: 11658.871 Thread 0x000000001b6bb800 Thread exited: 0x000000001b6bb800
Event: 11658.872 Executing VM operation: RevokeBias
Event: 11658.873 Executing VM operation: RevokeBias done
Event: 11658.873 Executing VM operation: RevokeBias
Event: 11658.873 Thread 0x000000001b6c1800 Thread exited: 0x000000001b6c1800
Event: 11658.873 Executing VM operation: RevokeBias done


Dynamic libraries:
0x00007ff606a00000 - 0x00007ff606a31000 	C:\Android\Android Studio\jre\bin\java.exe
0x00007ff9a8ed0000 - 0x00007ff9a90c5000 	C:\WINDOWS\SYSTEM32\ntdll.dll
0x00007ff9a7dd0000 - 0x00007ff9a7e8e000 	C:\WINDOWS\System32\KERNEL32.DLL
0x00007ff9a6920000 - 0x00007ff9a6be8000 	C:\WINDOWS\System32\KERNELBASE.dll
0x00007ff9a78a0000 - 0x00007ff9a794e000 	C:\WINDOWS\System32\ADVAPI32.dll
0x00007ff9a8cc0000 - 0x00007ff9a8d5e000 	C:\WINDOWS\System32\msvcrt.dll
0x00007ff9a7d20000 - 0x00007ff9a7dbc000 	C:\WINDOWS\System32\sechost.dll
0x00007ff9a8d60000 - 0x00007ff9a8e85000 	C:\WINDOWS\System32\RPCRT4.dll
0x00007ff9a8760000 - 0x00007ff9a8900000 	C:\WINDOWS\System32\USER32.dll
0x00007ff9a6ef0000 - 0x00007ff9a6f12000 	C:\WINDOWS\System32\win32u.dll
0x00007ff9a7950000 - 0x00007ff9a797b000 	C:\WINDOWS\System32\GDI32.dll
0x00007ff9a67e0000 - 0x00007ff9a68ed000 	C:\WINDOWS\System32\gdi32full.dll
0x00007ff9a6740000 - 0x00007ff9a67dd000 	C:\WINDOWS\System32\msvcp_win.dll
0x00007ff9a6ca0000 - 0x00007ff9a6da0000 	C:\WINDOWS\System32\ucrtbase.dll
0x00007ff997720000 - 0x00007ff9979ba000 	C:\WINDOWS\WinSxS\amd64_microsoft.windows.common-controls_6595b64144ccf1df_6.0.19041.1110_none_60b5254171f9507e\COMCTL32.dll
0x00007ff9a6f20000 - 0x00007ff9a6f50000 	C:\WINDOWS\System32\IMM32.DLL
0x0000000061830000 - 0x0000000061902000 	C:\Android\Android Studio\jre\jre\bin\msvcr100.dll
0x00000000619f0000 - 0x000000006223b000 	C:\Android\Android Studio\jre\jre\bin\server\jvm.dll
0x00007ff9a82d0000 - 0x00007ff9a82d8000 	C:\WINDOWS\System32\PSAPI.DLL
0x00007ff99c770000 - 0x00007ff99c797000 	C:\WINDOWS\SYSTEM32\WINMM.dll
0x00007ff9a2020000 - 0x00007ff9a2029000 	C:\WINDOWS\SYSTEM32\WSOCK32.dll
0x00007ff9a8140000 - 0x00007ff9a81ab000 	C:\WINDOWS\System32\WS2_32.dll
0x00007ff99c7a0000 - 0x00007ff99c7aa000 	C:\WINDOWS\SYSTEM32\VERSION.dll
0x00007ff9a1fd0000 - 0x00007ff9a1fdf000 	C:\Android\Android Studio\jre\jre\bin\verify.dll
0x00007ff9a10b0000 - 0x00007ff9a10d9000 	C:\Android\Android Studio\jre\jre\bin\java.dll
0x00007ff9a1fb0000 - 0x00007ff9a1fc6000 	C:\Android\Android Studio\jre\jre\bin\zip.dll
0x00007ff9a7080000 - 0x00007ff9a77c4000 	C:\WINDOWS\System32\SHELL32.dll
0x00007ff9a43a0000 - 0x00007ff9a4b34000 	C:\WINDOWS\SYSTEM32\windows.storage.dll
0x00007ff9a8900000 - 0x00007ff9a8c55000 	C:\WINDOWS\System32\combase.dll
0x00007ff9a6030000 - 0x00007ff9a605e000 	C:\WINDOWS\SYSTEM32\Wldp.dll
0x00007ff9a7c70000 - 0x00007ff9a7d1d000 	C:\WINDOWS\System32\SHCORE.dll
0x00007ff9a7b90000 - 0x00007ff9a7be5000 	C:\WINDOWS\System32\shlwapi.dll
0x00007ff9a6520000 - 0x00007ff9a653f000 	C:\WINDOWS\SYSTEM32\profapi.dll
0x00007ff997b80000 - 0x00007ff997b9a000 	C:\Android\Android Studio\jre\jre\bin\net.dll
0x00007ff9a5d40000 - 0x00007ff9a5daa000 	C:\WINDOWS\system32\mswsock.dll
0x00007ff996db0000 - 0x00007ff996dc3000 	C:\Android\Android Studio\jre\jre\bin\nio.dll
0x00007ff99c1c0000 - 0x00007ff99c1e7000 	C:\Users\Public\.gradle\native\f6784746aeab05261644944871eae4fe03e0ef1612fff0a4a95f87b438bc6780\windows-amd64\native-platform.dll
0x00007ff99c4c0000 - 0x00007ff99c4cd000 	C:\Android\Android Studio\jre\jre\bin\management.dll
0x00007ff9a5f60000 - 0x00007ff9a5f78000 	C:\WINDOWS\SYSTEM32\CRYPTSP.dll
0x00007ff9a5660000 - 0x00007ff9a5694000 	C:\WINDOWS\system32\rsaenh.dll
0x00007ff9a68f0000 - 0x00007ff9a6917000 	C:\WINDOWS\System32\bcrypt.dll
0x00007ff9a64e0000 - 0x00007ff9a650e000 	C:\WINDOWS\SYSTEM32\USERENV.dll
0x00007ff9a6df0000 - 0x00007ff9a6e72000 	C:\WINDOWS\System32\bcryptprimitives.dll
0x00007ff9a5f80000 - 0x00007ff9a5f8c000 	C:\WINDOWS\SYSTEM32\CRYPTBASE.dll
0x00007ff9a5a00000 - 0x00007ff9a5a3b000 	C:\WINDOWS\SYSTEM32\IPHLPAPI.DLL
0x00007ff9a7dc0000 - 0x00007ff9a7dc8000 	C:\WINDOWS\System32\NSI.dll
0x00007ff99c520000 - 0x00007ff99c537000 	C:\WINDOWS\SYSTEM32\dhcpcsvc6.DLL
0x00007ff99bb30000 - 0x00007ff99bb4d000 	C:\WINDOWS\SYSTEM32\dhcpcsvc.DLL
0x00007ff9a5a50000 - 0x00007ff9a5b1b000 	C:\WINDOWS\SYSTEM32\DNSAPI.dll
0x00007ff99d880000 - 0x00007ff99d88b000 	C:\WINDOWS\SYSTEM32\WINNSI.DLL
0x00007ff9a4c00000 - 0x00007ff9a4de4000 	C:\WINDOWS\SYSTEM32\dbghelp.dll

VM Arguments:
jvm_args: -Xmx2048m -Dfile.encoding=UTF-8 -Duser.country=RU -Duser.language=ru -Duser.variant 
java_command: org.gradle.launcher.daemon.bootstrap.GradleDaemon 6.5
java_class_path (initial): C:\Users\Public\.gradle\wrapper\dists\gradle-6.5-all\2oz4ud9k3tuxjg84bbf55q0tn\gradle-6.5\lib\gradle-launcher-6.5.jar
Launcher Type: SUN_STANDARD

Environment Variables:
JAVA_HOME=C:\Java\jdk-13.0.1\
PATH=C:\WINDOWS\system32;C:\WINDOWS;C:\WINDOWS\System32\Wbem;C:\WINDOWS\System32\WindowsPowerShell\v1.0\;C:\WINDOWS\System32\OpenSSH\;C:\Java\jdk-13.0.1\bin\;C:\Program Files (x86)\AMD\ATI.ACE\Core-Static;C:\Program Files\Git\cmd;C:\Program Files\PuTTY\;C:\Python\Python311\Scripts\;C:\Python\Python311\;C:\Users\serg\AppData\Local\Microsoft\WindowsApps;C:\Program Files (x86)\Nmap;
USERNAME=serg
OS=Windows_NT
PROCESSOR_IDENTIFIER=AMD64 Family 21 Model 16 Stepping 1, AuthenticAMD



---------------  S Y S T E M  ---------------

OS: Windows 10.0 , 64 bit Build 19041 (10.0.19041.1503)

CPU:total 4 (initial active 4) (4 cores per cpu, 1 threads per core) family 21 model 16 stepping 1, cmov, cx8, fxsr, mmx, sse, sse2, sse3, ssse3, sse4.1, sse4.2, popcnt, avx, aes, clmul, mmxext, 3dnowpref, lzcnt, sse4a, tsc, tscinvbit, tscinv, bmi1

Memory: 4k page, physical 7825672k(993796k free), swap 24602888k(14198088k free)

vm_info: OpenJDK 64-Bit Server VM (25.242-b01) for windows-amd64 JRE (1.8.0_242-release-1644-b01), built by "builder" with MS VC++ 10.0 (VS2010)

time: Tue Nov 01 14:59:23 2022
timezone: RTZ 4 (зима)
elapsed time: 11658 seconds (0d 3h 14m 18s)

